[thibault-bat.github.io/nitro/nitro/html/index.html]
[backblue.gif]
[fade.gif]
[index.html]
[thibault-bat.github.io/nitro/nitro/assets/favicon.png]
[thibault-bat.github.io/nitro/nitro/assets/css/maicons.css]
[thibault-bat.github.io/nitro/nitro/assets/vendor/animate/animate.css]
[thibault-bat.github.io/nitro/nitro/assets/vendor/owl-carousel/css/owl.carousel.min.css]
[thibault-bat.github.io/nitro/nitro/assets/css/bootstrap.css]
[thibault-bat.github.io/nitro/nitro/assets/css/mobster.css]
[thibault-bat.github.io/nitro/nitro/assets/img/app_preview_1.png]
[thibault-bat.github.io/nitro/nitro/assets/img/clients/alter_sport.png]
[thibault-bat.github.io/nitro/nitro/assets/img/clients/cleaning_service.png]
[thibault-bat.github.io/nitro/nitro/assets/img/clients/creative_photo.png]
[thibault-bat.github.io/nitro/nitro/assets/img/clients/global_tv.png]
[thibault-bat.github.io/nitro/nitro/assets/js/jquery-3.5.1.min.js]
[thibault-bat.github.io/nitro/nitro/assets/js/bootstrap.bundle.min.js]
[thibault-bat.github.io/nitro/nitro/assets/vendor/owl-carousel/js/owl.carousel.min.js]
[thibault-bat.github.io/nitro/nitro/assets/vendor/wow/wow.min.js]
[thibault-bat.github.io/nitro/nitro/assets/js/mobster.js]
[thibault-bat.github.io/nitro/nitro/html/index.html]
[thibault-bat.github.io/nitro/nitro/assets/css/maicons.css]
[thibault-bat.github.io/nitro/nitro/assets/vendor/animate/animate.css]
[thibault-bat.github.io/nitro/nitro/assets/vendor/owl-carousel/css/owl.video.play.png]
[thibault-bat.github.io/nitro/nitro/assets/vendor/owl-carousel/css/owl.carousel.min.css]
[thibault-bat.github.io/nitro/nitro/assets/css/bootstrap.css]
[thibault-bat.github.io/nitro/nitro/assets/css/mobster.css]
[thibault-bat.github.io/nitro/nitro/assets/vendor/owl-carousel/css/owl.video.play.html]
